[2026-06-19T11:30:53+08:00] ===== build_index start =====
[2026-06-19T11:30:53+08:00] index built: cards=79 tags=274 entities=90 terms=15971
[2026-06-19T11:30:53+08:00] ===== build_index done =====
[2026-06-19T11:43:11+08:00] ===== inspect start =====
[2026-06-19T11:43:11+08:00] inspect summary: {'total_cards': 79, 'permanent_cards': 79, 'ready_clusters': 10, 'new_ready_clusters': 10, 'near_ready_clusters': 21}
[2026-06-19T11:43:11+08:00] ===== inspect done =====
[2026-06-19T11:46:07+08:00] ===== build_index start =====
[2026-06-19T11:46:07+08:00] index built: cards=81 tags=279 entities=90 terms=16195
[2026-06-19T11:46:07+08:00] ===== build_index done =====
[2026-06-19T11:46:07+08:00] ===== inspect start =====
[2026-06-19T11:46:07+08:00] inspect summary: {'total_cards': 81, 'permanent_cards': 81, 'ready_clusters': 12, 'new_ready_clusters': 12, 'near_ready_clusters': 21}
[2026-06-19T11:46:07+08:00] ===== inspect done =====
[2026-06-19T11:46:11+08:00] ===== inspect start =====
[2026-06-19T11:46:11+08:00] inspect summary: {'total_cards': 81, 'permanent_cards': 81, 'ready_clusters': 12, 'new_ready_clusters': 0, 'near_ready_clusters': 21}
[2026-06-19T11:46:11+08:00] ===== inspect done =====
[2026-06-19T11:49:24+08:00] ===== inspect start =====
[2026-06-19T11:49:24+08:00] inspect summary: {'total_cards': 81, 'permanent_cards': 81, 'ready_clusters': 12, 'new_ready_clusters': 0, 'near_ready_clusters': 21}
[2026-06-19T11:49:24+08:00] ===== inspect done =====
[2026-06-19T11:53:16+08:00] ===== build_index start =====
[2026-06-19T11:53:16+08:00] index built: cards=81 tags=279 entities=90 terms=16195
[2026-06-19T11:53:16+08:00] ===== build_index done =====
[2026-06-19T11:53:16+08:00] ===== inspect start =====
[2026-06-19T11:53:16+08:00] inspect summary: {'total_cards': 81, 'permanent_cards': 81, 'ready_clusters': 12, 'new_ready_clusters': 0, 'near_ready_clusters': 21}
[2026-06-19T11:53:16+08:00] ===== inspect done =====
[2026-06-19T11:53:20+08:00] ===== inspect start =====
[2026-06-19T11:53:20+08:00] inspect summary: {'total_cards': 81, 'permanent_cards': 81, 'ready_clusters': 12, 'new_ready_clusters': 0, 'near_ready_clusters': 21}
[2026-06-19T11:53:20+08:00] ===== inspect done =====
[2026-06-20T08:58:54+08:00] ===== build_index start =====
[2026-06-20T08:58:54+08:00] index built: cards=90 tags=301 entities=101 terms=18107
[2026-06-20T08:58:54+08:00] ===== build_index done =====
[2026-06-20T10:32:14+08:00] ===== build_index start =====
[2026-06-20T10:32:14+08:00] index built: cards=0 tags=0 entities=0 terms=0
[2026-06-20T10:32:14+08:00] ===== build_index done =====
[2026-06-21T01:01:49+08:00] ===== build_index start =====
[2026-06-21T01:01:49+08:00] index built: cards=218 tags=466 entities=0 terms=29780
[2026-06-21T01:01:49+08:00] ===== build_index done =====
